2020-03-30 23:09:51,494 __main__ 2:INFO Import data for regression
2020-03-30 23:09:57,589 __main__ 2:INFO Import data for classification
2020-03-30 23:11:27,457 __main__ 2:INFO Import data for classification
2020-03-30 23:24:31,218 __main__ 2:INFO Import data for classification
2020-03-30 23:38:58,674 __main__ 17:INFO Compute PDP for Temperature
2020-03-30 23:40:01,946 __main__ 17:INFO Compute PDP for Temperature
2020-03-30 23:41:34,737 __main__ 17:INFO Compute PDP for Temperature
2020-03-30 23:41:34,815 __main__ 17:INFO Compute PDP for Humidity
2020-03-30 23:41:34,893 __main__ 17:INFO Compute PDP for Season
2020-03-30 23:41:49,051 __main__ 17:INFO Compute PDP for Temperature
2020-03-30 23:41:49,129 __main__ 17:INFO Compute PDP for Humidity
2020-03-30 23:41:49,286 __main__ 17:INFO Compute PDP for Season
2020-03-30 23:41:58,272 __main__ 17:INFO Compute PDP for Temperature
2020-03-30 23:41:58,412 __main__ 17:INFO Compute PDP for Humidity
2020-03-30 23:41:58,537 __main__ 17:INFO Compute PDP for Season
2020-03-30 23:41:58,647 __main__ 17:INFO Compute PDP for Weekday
2020-03-30 23:53:38,412 __main__ 17:INFO Compute PDP for Temperature
2020-03-30 23:54:34,559 __main__ 17:INFO Compute PDP for Temperature
2020-03-30 23:54:34,637 __main__ 17:INFO Compute PDP for Humidity
2020-03-30 23:54:34,731 __main__ 17:INFO Compute PDP for Season
2020-03-31 00:01:53,171 __main__ 17:INFO Compute PDP for Temperature
2020-03-31 00:01:53,264 __main__ 17:INFO Compute PDP for Humidity
2020-03-31 00:01:53,327 __main__ 17:INFO Compute PDP for Season
2020-03-31 00:01:53,405 __main__ 17:INFO Compute PDP for Weekday
2020-03-31 00:05:37,766 __main__ 17:INFO Compute PDP for Temperature
2020-03-31 00:06:03,597 __main__ 17:INFO Compute PDP for Temperature
2020-03-31 00:06:03,675 __main__ 17:INFO Compute PDP for Humidity
2020-03-31 00:06:03,753 __main__ 17:INFO Compute PDP for Season
2020-03-31 00:06:41,569 __main__ 17:INFO Compute PDP for Temperature
2020-03-31 00:06:41,648 __main__ 17:INFO Compute PDP for Humidity
2020-03-31 00:06:41,726 __main__ 17:INFO Compute PDP for Season
2020-03-31 00:06:41,804 __main__ 17:INFO Compute PDP for Weekday
2020-03-31 00:09:47,810 __main__ 18:INFO Compute ICE for Temperature
2020-03-31 00:09:48,278 __main__ 18:INFO Compute ICE for Humidity
2020-03-31 00:09:48,763 __main__ 18:INFO Compute ICE for Season
2020-03-31 00:09:48,997 __main__ 18:INFO Compute ICE for Weekday
2020-03-31 00:11:05,881 __main__ 18:INFO Compute ICE for Temperature
2020-03-31 00:11:06,350 __main__ 18:INFO Compute ICE for Humidity
2020-03-31 00:11:06,835 __main__ 18:INFO Compute ICE for Season
2020-03-31 00:11:07,069 __main__ 18:INFO Compute ICE for Weekday
2020-03-31 00:15:16,925 __main__ 18:INFO Compute ICE for Temperature
2020-03-31 00:15:42,693 __main__ 18:INFO Compute ICE for Humidity
2020-03-31 00:16:08,946 __main__ 18:INFO Compute ICE for Season
2020-03-31 00:16:38,527 __main__ 18:INFO Compute ICE for Weekday
2020-03-31 00:31:35,521 __main__ 18:INFO Compute ICE for Temperature
2020-03-31 00:31:43,835 __main__ 18:INFO Compute ICE for Humidity
2020-03-31 00:31:51,070 __main__ 18:INFO Compute ICE for Season
2020-03-31 00:32:03,806 __main__ 18:INFO Compute ICE for Weekday
2020-03-31 00:32:44,701 __main__ 18:INFO Compute ICE for Temperature
2020-03-31 00:32:53,327 __main__ 18:INFO Compute ICE for Humidity
2020-03-31 00:33:02,015 __main__ 18:INFO Compute ICE for Season
2020-03-31 00:33:17,451 __main__ 18:INFO Compute ICE for Weekday
2020-03-31 00:34:42,725 __main__ 18:INFO Compute ICE for Temperature
2020-03-31 00:34:49,975 __main__ 18:INFO Compute ICE for Humidity
2020-03-31 00:34:57,211 __main__ 18:INFO Compute ICE for Season
2020-03-31 00:35:11,165 __main__ 18:INFO Compute ICE for Weekday
2020-03-31 00:35:43,919 __main__ 18:INFO Compute ICE for Temperature
2020-03-31 00:35:52,638 __main__ 18:INFO Compute ICE for Humidity
2020-03-31 00:36:01,389 __main__ 18:INFO Compute ICE for Season
2020-03-31 00:36:17,094 __main__ 18:INFO Compute ICE for Weekday
